0 info it worked if it ends with ok
1 verbose cli [ '/usr/local/Cellar/node/7.7.3/bin/node',
1 verbose cli   '/usr/local/bin/npm',
1 verbose cli   'run',
1 verbose cli   'haxe',
1 verbose cli   'master.hxml',
1 verbose cli   '-D',
1 verbose cli   'containers=node',
1 verbose cli   '-D',
1 verbose cli   'targets=node' ]
2 info using npm@4.1.2
3 info using node@v7.7.3
4 verbose run-script [ 'prehaxe', 'haxe', 'posthaxe' ]
5 info lifecycle tink_http@0.0.0~prehaxe: tink_http@0.0.0
6 silly lifecycle tink_http@0.0.0~prehaxe: no script for prehaxe, continuing
7 info lifecycle tink_http@0.0.0~haxe: tink_http@0.0.0
8 verbose lifecycle tink_http@0.0.0~haxe: unsafe-perm in lifecycle true
9 verbose lifecycle tink_http@0.0.0~haxe: PATH: /usr/local/lib/node_modules/npm/bin/node-gyp-bin:/Users/kevin/Codes/tink_http/node_modules/.bin:/Users/kevin/Downloads/google-cloud-sdk/bin:/Users/kevin/.jenv/shims:/Users/kevin/.config/yarn/global/node_modules/.bin:/usr/local/bin:/usr/bin:/bin:/usr/sbin:/sbin:/usr/local/share/dotnet:/Library/Frameworks/Mono.framework/Versions/Current/Commands:/Users/kevin/Downloads/google-cloud-sdk/bin:/Users/kevin/.jenv/shims:/Users/kevin/.config/yarn/global/node_modules/.bin
10 verbose lifecycle tink_http@0.0.0~haxe: CWD: /Users/kevin/Codes/tink_http
11 silly lifecycle tink_http@0.0.0~haxe: Args: [ '-c', 'haxe "master.hxml" "containers=node" "targets=node"' ]
12 silly lifecycle tink_http@0.0.0~haxe: Returned: code: 1  signal: null
13 info lifecycle tink_http@0.0.0~haxe: Failed to exec haxe script
14 verbose stack Error: tink_http@0.0.0 haxe: `haxe "master.hxml" "containers=node" "targets=node"`
14 verbose stack Exit status 1
14 verbose stack     at EventEmitter.<anonymous> (/usr/local/lib/node_modules/npm/lib/utils/lifecycle.js:279:16)
14 verbose stack     at emitTwo (events.js:106:13)
14 verbose stack     at EventEmitter.emit (events.js:194:7)
14 verbose stack     at ChildProcess.<anonymous> (/usr/local/lib/node_modules/npm/lib/utils/spawn.js:40:14)
14 verbose stack     at emitTwo (events.js:106:13)
14 verbose stack     at ChildProcess.emit (events.js:194:7)
14 verbose stack     at maybeClose (internal/child_process.js:899:16)
14 verbose stack     at Process.ChildProcess._handle.onexit (internal/child_process.js:226:5)
15 verbose pkgid tink_http@0.0.0
16 verbose cwd /Users/kevin/Codes/tink_http
17 error Darwin 16.5.0
18 error argv "/usr/local/Cellar/node/7.7.3/bin/node" "/usr/local/bin/npm" "run" "haxe" "master.hxml" "-D" "containers=node" "-D" "targets=node"
19 error node v7.7.3
20 error npm  v4.1.2
21 error code ELIFECYCLE
22 error tink_http@0.0.0 haxe: `haxe "master.hxml" "containers=node" "targets=node"`
22 error Exit status 1
23 error Failed at the tink_http@0.0.0 haxe script 'haxe "master.hxml" "containers=node" "targets=node"'.
23 error Make sure you have the latest version of node.js and npm installed.
23 error If you do, this is most likely a problem with the tink_http package,
23 error not with npm itself.
23 error Tell the author that this fails on your system:
23 error     haxe "master.hxml" "containers=node" "targets=node"
23 error You can get information on how to open an issue for this project with:
23 error     npm bugs tink_http
23 error Or if that isn't available, you can get their info via:
23 error     npm owner ls tink_http
23 error There is likely additional logging output above.
24 verbose exit [ 1, true ]
